<?xml version="1.0" encoding="UTF-8"?>
<!-- Generated by org.testng.reporters.JUnitReportReporter -->
<testsuite hostname="EQUiNOX" failures="0" tests="3" name="runners.TestRunner" time="18.331" errors="0" timestamp="2025-08-31T00:46:32 IST" skipped="0">
  <testcase classname="runners.TestRunner" name="runScenario" time="5.039"/>
  <testcase classname="runners.TestRunner" name="runScenario" time="5.780"/>
  <testcase classname="runners.TestRunner" name="runScenario" time="7.512"/>
</testsuite> <!-- runners.TestRunner -->
